[debug] [2024-02-27T17:11:59.681Z] ----------------------------------------------------------------------
[debug] [2024-02-27T17:11:59.686Z] Command:       C:\Program Files\nodejs\node.exe C:\Users\Compiuter\AppData\Roaming\npm\node_modules\firebase-tools\lib\bin\firebase.js init hosting
[debug] [2024-02-27T17:11:59.687Z] CLI Version:   13.3.1
[debug] [2024-02-27T17:11:59.687Z] Platform:      win32
[debug] [2024-02-27T17:11:59.687Z] Node Version:  v20.11.0
[debug] [2024-02-27T17:11:59.688Z] Time:          Tue Feb 27 2024 18:11:59 GMT+0100 (Ora standard dell’Europa centrale)
[debug] [2024-02-27T17:11:59.688Z] ----------------------------------------------------------------------
[debug] 
[debug] [2024-02-27T17:11:59.699Z] > command requires scopes: ["email","openid","https://www.googleapis.com/auth/cloudplatformprojects.readonly","https://www.googleapis.com/auth/firebase","https://www.googleapis.com/auth/cloud-platform"]
[debug] [2024-02-27T17:11:59.700Z] > authorizing via signed-in user (ing.casaert@gmail.com)
[info] 
     ######## #### ########  ######## ########     ###     ######  ########
     ##        ##  ##     ## ##       ##     ##  ##   ##  ##       ##
     ######    ##  ########  ######   ########  #########  ######  ######
     ##        ##  ##    ##  ##       ##     ## ##     ##       ## ##
     ##       #### ##     ## ######## ########  ##     ##  ######  ########

You're about to initialize a Firebase project in this directory:

  C:\Progetti\vanilla\VisualFXs

Before we get started, keep in mind:

  * You are currently outside your home directory

